2021-01-18 at 16:51:25.416 [http-thread-pool::http-listener-1(4)] INFO  github.davids13.mypetfinderapp.commons.filterandinterceptors.RequestLoggingFilter.filter(RequestLoggingFilter.java:27) - Request: GET /owners
2021-01-18 at 16:52:12.893 [http-thread-pool::http-listener-1(5)] INFO  github.davids13.mypetfinderapp.commons.filterandinterceptors.RequestLoggingFilter.filter(RequestLoggingFilter.java:27) - Request: GET /owners/0
2021-01-18 at 16:52:13.073 [http-thread-pool::http-listener-1(5)] ERROR github.davids13.mypetfinderapp.commons.filterandinterceptors.ResponseLoggingFilter.checkStatus(ResponseLoggingFilter.java:46) - Response: PetErrorMessage{requestDateTime='2021.01.18 at 16:52:12 GMT', statusCode=404, petErrorCode='PET-01', petErrorDescription='Owner with this specific id=0 was not found', link='https://app.nuclino.com/illuminati-geeks/Illuminati-wrk-space/Error-Description-cf9f0f2e-7a38-4dc5-8c1e-25aae4b51fba', requestUrl='http://localhost:8080/myPetFinderApp/api/owners/0'}
2021-01-18 at 18:05:30.838 [http-thread-pool::http-listener-1(2)] INFO  github.davids13.mypetfinderapp.commons.filterandinterceptors.RequestLoggingFilter.filter(RequestLoggingFilter.java:26) - Request: GET /owners
2021-01-18 at 18:05:41.448 [http-thread-pool::http-listener-1(5)] INFO  github.davids13.mypetfinderapp.commons.filterandinterceptors.RequestLoggingFilter.filter(RequestLoggingFilter.java:26) - Request: GET /owners/0
2021-01-18 at 18:05:41.513 [http-thread-pool::http-listener-1(5)] ERROR github.davids13.mypetfinderapp.commons.filterandinterceptors.ResponseLoggingFilter.checkStatus(ResponseLoggingFilter.java:37) - Response: PetErrorMessage{requestDateTime='2021.01.18 at 18:05:41 GMT', statusCode=404, petErrorCode='PET-01', petErrorDescription='Owner with this specific id=0 was not found', link='https://app.nuclino.com/illuminati-geeks/Illuminati-wrk-space/Error-Description-cf9f0f2e-7a38-4dc5-8c1e-25aae4b51fba', requestUrl='http://localhost:8080/myPetFinderApp/api/owners/0'}
2021-01-19 at 00:16:29.057 [http-thread-pool::http-listener-1(3)] INFO  github.davids13.mypetfinderapp.commons.filterandinterceptors.RequestLoggingFilter.filter(RequestLoggingFilter.java:26) - Request: GET /owners/0
2021-01-19 at 00:16:29.430 [http-thread-pool::http-listener-1(3)] ERROR github.davids13.mypetfinderapp.boundary.PetResource.retrieveOwner(PetResource.java:73) - This is error: 
CustomException{requestDateTime='2021.01.19 at 00:16:29 GMT', statusCode=404, petErrorCode='PET-01', petErrorDescription='Owner with this specific id=0 was not found', link='https://app.nuclino.com/illuminati-geeks/Illuminati-wrk-space/Error-Description-cf9f0f2e-7a38-4dc5-8c1e-25aae4b51fba', requestUrl='http://localhost:8080/myPetFinderApp/api/owners/0'}
	at github.davids13.mypetfinderapp.commons.errors.CustomExceptionsFacade.getCustomException(CustomExceptionsFacade.java:32)
	at github.davids13.mypetfinderapp.boundary.PetResource.retrieveOwner(PetResource.java:73)
	at github.davids13.mypetfinderapp.boundary.PetResource$Proxy$_$$_WeldClientProxy.retrieveOwner(Unknown Source)
	at java.base/jdk.internal.reflect.NativeMethodAccessorImpl.invoke0(Native Method)
	at java.base/jdk.internal.reflect.NativeMethodAccessorImpl.invoke(NativeMethodAccessorImpl.java:62)
	at java.base/jdk.internal.reflect.DelegatingMethodAccessorImpl.invoke(DelegatingMethodAccessorImpl.java:43)
	at java.base/java.lang.reflect.Method.invoke(Method.java:566)
	at org.glassfish.jersey.server.model.internal.ResourceMethodInvocationHandlerFactory.lambda$static$0(ResourceMethodInvocationHandlerFactory.java:52)
	at org.glassfish.jersey.server.model.internal.AbstractJavaResourceMethodDispatcher$1.run(AbstractJavaResourceMethodDispatcher.java:124)
	at org.glassfish.jersey.server.model.internal.AbstractJavaResourceMethodDispatcher.invoke(AbstractJavaResourceMethodDispatcher.java:167)
	at org.glassfish.jersey.server.model.internal.JavaResourceMethodDispatcherProvider$ResponseOutInvoker.doDispatch(JavaResourceMethodDispatcherProvider.java:176)
	at org.glassfish.jersey.server.model.internal.AbstractJavaResourceMethodDispatcher.dispatch(AbstractJavaResourceMethodDispatcher.java:79)
	at org.glassfish.jersey.server.model.ResourceMethodInvoker.invoke(ResourceMethodInvoker.java:469)
	at org.glassfish.jersey.server.model.ResourceMethodInvoker.apply(ResourceMethodInvoker.java:391)
	at org.glassfish.jersey.server.model.ResourceMethodInvoker.apply(ResourceMethodInvoker.java:80)
	at org.glassfish.jersey.server.ServerRuntime$1.run(ServerRuntime.java:253)
	at org.glassfish.jersey.internal.Errors$1.call(Errors.java:248)
	at org.glassfish.jersey.internal.Errors$1.call(Errors.java:244)
	at org.glassfish.jersey.internal.Errors.process(Errors.java:292)
	at org.glassfish.jersey.internal.Errors.process(Errors.java:274)
	at org.glassfish.jersey.internal.Errors.process(Errors.java:244)
	at org.glassfish.jersey.process.internal.RequestScope.runInScope(RequestScope.java:265)
	at org.glassfish.jersey.server.ServerRuntime.process(ServerRuntime.java:232)
	at org.glassfish.jersey.server.ApplicationHandler.handle(ApplicationHandler.java:680)
	at org.glassfish.jersey.servlet.WebComponent.serviceImpl(WebComponent.java:394)
	at org.glassfish.jersey.servlet.WebComponent.service(WebComponent.java:346)
	at org.glassfish.jersey.servlet.ServletContainer.service(ServletContainer.java:366)
	at org.glassfish.jersey.servlet.ServletContainer.service(ServletContainer.java:319)
	at org.glassfish.jersey.servlet.ServletContainer.service(ServletContainer.java:205)
	at org.apache.catalina.core.StandardWrapper.service(StandardWrapper.java:1636)
	at org.apache.catalina.core.StandardWrapperValve.invoke(StandardWrapperValve.java:259)
	at org.apache.catalina.core.StandardContextValve.invoke(StandardContextValve.java:161)
	at org.apache.catalina.core.StandardPipeline.doInvoke(StandardPipeline.java:757)
	at org.apache.catalina.core.StandardPipeline.invoke(StandardPipeline.java:577)
	at com.sun.enterprise.web.WebPipeline.invoke(WebPipeline.java:99)
	at org.apache.catalina.core.StandardHostValve.invoke(StandardHostValve.java:158)
	at org.apache.catalina.connector.CoyoteAdapter.doService(CoyoteAdapter.java:371)
	at org.apache.catalina.connector.CoyoteAdapter.service(CoyoteAdapter.java:238)
	at com.sun.enterprise.v3.services.impl.ContainerMapper$HttpHandlerCallable.call(ContainerMapper.java:520)
	at com.sun.enterprise.v3.services.impl.ContainerMapper.service(ContainerMapper.java:217)
	at org.glassfish.grizzly.http.server.HttpHandler.runService(HttpHandler.java:182)
	at org.glassfish.grizzly.http.server.HttpHandler.doHandle(HttpHandler.java:156)
	at org.glassfish.grizzly.http.server.HttpServerFilter.handleRead(HttpServerFilter.java:218)
	at org.glassfish.grizzly.filterchain.ExecutorResolver$9.execute(ExecutorResolver.java:95)
	at org.glassfish.grizzly.filterchain.DefaultFilterChain.executeFilter(DefaultFilterChain.java:260)
	at org.glassfish.grizzly.filterchain.DefaultFilterChain.executeChainPart(DefaultFilterChain.java:177)
	at org.glassfish.grizzly.filterchain.DefaultFilterChain.execute(DefaultFilterChain.java:109)
	at org.glassfish.grizzly.filterchain.DefaultFilterChain.process(DefaultFilterChain.java:88)
	at org.glassfish.grizzly.ProcessorExecutor.execute(ProcessorExecutor.java:53)
	at org.glassfish.grizzly.nio.transport.TCPNIOTransport.fireIOEvent(TCPNIOTransport.java:524)
	at org.glassfish.grizzly.strategies.AbstractIOStrategy.fireIOEvent(AbstractIOStrategy.java:89)
	at org.glassfish.grizzly.strategies.WorkerThreadIOStrategy.run0(WorkerThreadIOStrategy.java:94)
	at org.glassfish.grizzly.strategies.WorkerThreadIOStrategy.access$100(WorkerThreadIOStrategy.java:33)
	at org.glassfish.grizzly.strategies.WorkerThreadIOStrategy$WorkerThreadRunnable.run(WorkerThreadIOStrategy.java:114)
	at org.glassfish.grizzly.threadpool.AbstractThreadPool$Worker.doWork(AbstractThreadPool.java:569)
	at org.glassfish.grizzly.threadpool.AbstractThreadPool$Worker.run(AbstractThreadPool.java:549)
	at java.base/java.lang.Thread.run(Thread.java:834)
2021-01-19 at 00:16:29.505 [http-thread-pool::http-listener-1(3)] ERROR github.davids13.mypetfinderapp.commons.filterandinterceptors.ResponseLoggingFilter.checkStatus(ResponseLoggingFilter.java:37) - Response: PetErrorMessage{requestDateTime='2021.01.19 at 00:16:29 GMT', statusCode=404, petErrorCode='PET-01', petErrorDescription='Owner with this specific id=0 was not found', link='https://app.nuclino.com/illuminati-geeks/Illuminati-wrk-space/Error-Description-cf9f0f2e-7a38-4dc5-8c1e-25aae4b51fba', requestUrl='http://localhost:8080/myPetFinderApp/api/owners/0'}
2021-01-19 at 16:36:59.373 [http-thread-pool::http-listener-1(1)] INFO  github.davids13.mypetfinderapp.commons.filterandinterceptors.RequestLoggingFilter.filter(RequestLoggingFilter.java:26) - Request: GET /owners
2021-01-19 at 16:43:10.887 [http-thread-pool::http-listener-1(2)] INFO  github.davids13.mypetfinderapp.commons.filterandinterceptors.RequestLoggingFilter.filter(RequestLoggingFilter.java:26) - Request: GET /owners
